# JRE version: 7.0_13-b20
# Java VM: Java HotSpot(TM) 64-Bit Server VM (23.7-b01 mixed mode windows-amd64 compressed oops)
Heap
 PSYoungGen      total 34112K, used 16943K [0x00000000f5560000, 0x00000000fa0c0000, 0x0000000100000000)
  eden space 32768K, 47% used [0x00000000f5560000,0x00000000f64a26a0,0x00000000f7560000)
  from space 1344K, 98% used [0x00000000f7560000,0x00000000f76a9838,0x00000000f76b0000)
  to   space 5824K, 0% used [0x00000000f9b10000,0x00000000f9b10000,0x00000000fa0c0000)
 ParOldGen       total 21888K, used 7265K [0x00000000e0000000, 0x00000000e1560000, 0x00000000f5560000)
  object space 21888K, 33% used [0x00000000e0000000,0x00000000e0718648,0x00000000e1560000)
 PSPermGen       total 21248K, used 18943K [0x00000000dae00000, 0x00000000dc2c0000, 0x00000000e0000000)
  object space 21248K, 89% used [0x00000000dae00000,0x00000000dc07fe68,0x00000000dc2c0000)
GC Heap History (10 events):
Event: 0.493 GC heap before
{Heap before GC invocations=1 (full 0):
 PSYoungGen      total 9536K, used 8177K [0x00000000f5560000, 0x00000000f6000000, 0x0000000100000000)
  eden space 8192K, 99% used [0x00000000f5560000,0x00000000f5d5c418,0x00000000f5d60000)
  from space 1344K, 0% used [0x00000000f5eb0000,0x00000000f5eb0000,0x00000000f6000000)
  to   space 1344K, 0% used [0x00000000f5d60000,0x00000000f5d60000,0x00000000f5eb0000)
 ParOldGen       total 21888K, used 0K [0x00000000e0000000, 0x00000000e1560000, 0x00000000f5560000)
  object space 21888K, 0% used [0x00000000e0000000,0x00000000e0000000,0x00000000e1560000)
 PSPermGen       total 21248K, used 4338K [0x00000000dae00000, 0x00000000dc2c0000, 0x00000000e0000000)
  object space 21248K, 20% used [0x00000000dae00000,0x00000000db23ca28,0x00000000dc2c0000)
Event: 0.498 GC heap after
Heap after GC invocations=1 (full 0):
 PSYoungGen      total 9536K, used 1343K [0x00000000f5560000, 0x00000000f6800000, 0x0000000100000000)
  eden space 8192K, 0% used [0x00000000f5560000,0x00000000f5560000,0x00000000f5d60000)
  from space 1344K, 99% used [0x00000000f5d60000,0x00000000f5eafd80,0x00000000f5eb0000)
  to   space 1344K, 0% used [0x00000000f66b0000,0x00000000f66b0000,0x00000000f6800000)
 ParOldGen       total 21888K, used 139K [0x00000000e0000000, 0x00000000e1560000, 0x00000000f5560000)
  object space 21888K, 0% used [0x00000000e0000000,0x00000000e0022ff0,0x00000000e1560000)
 PSPermGen       total 21248K, used 4338K [0x00000000dae00000, 0x00000000dc2c0000, 0x00000000e0000000)
  object space 21248K, 20% used [0x00000000dae00000,0x00000000db23ca28,0x00000000dc2c0000)
}
Event: 0.501 GC heap before
{Heap before GC invocations=2 (full 0):
 PSYoungGen      total 9536K, used 9535K [0x00000000f5560000, 0x00000000f6800000, 0x0000000100000000)
  eden space 8192K, 100% used [0x00000000f5560000,0x00000000f5d60000,0x00000000f5d60000)
  from space 1344K, 99% used [0x00000000f5d60000,0x00000000f5eafd80,0x00000000f5eb0000)
  to   space 1344K, 0% used [0x00000000f66b0000,0x00000000f66b0000,0x00000000f6800000)
 ParOldGen       total 21888K, used 139K [0x00000000e0000000, 0x00000000e1560000, 0x00000000f5560000)
  object space 21888K, 0% used [0x00000000e0000000,0x00000000e0022ff0,0x00000000e1560000)
 PSPermGen       total 21248K, used 4338K [0x00000000dae00000, 0x00000000dc2c0000, 0x00000000e0000000)
  object space 21248K, 20% used [0x00000000dae00000,0x00000000db23ca28,0x00000000dc2c0000)
Event: 0.505 GC heap after
Heap after GC invocations=2 (full 0):
 PSYoungGen      total 17728K, used 884K [0x00000000f5560000, 0x00000000f6800000, 0x0000000100000000)
  eden space 16384K, 0% used [0x00000000f5560000,0x00000000f5560000,0x00000000f6560000)
  from space 1344K, 65% used [0x00000000f66b0000,0x00000000f678d390,0x00000000f6800000)
  to   space 1344K, 0% used [0x00000000f6560000,0x00000000f6560000,0x00000000f66b0000)
 ParOldGen       total 21888K, used 139K [0x00000000e0000000, 0x00000000e1560000, 0x00000000f5560000)
  object space 21888K, 0% used [0x00000000e0000000,0x00000000e0022ff0,0x00000000e1560000)
 PSPermGen       total 21248K, used 4338K [0x00000000dae00000, 0x00000000dc2c0000, 0x00000000e0000000)
  object space 21248K, 20% used [0x00000000dae00000,0x00000000db23ca28,0x00000000dc2c0000)
}
Event: 0.990 GC heap before
{Heap before GC invocations=3 (full 0):
 PSYoungGen      total 17728K, used 17268K [0x00000000f5560000, 0x00000000f6800000, 0x0000000100000000)
  eden space 16384K, 100% used [0x00000000f5560000,0x00000000f6560000,0x00000000f6560000)
  from space 1344K, 65% used [0x00000000f66b0000,0x00000000f678d390,0x00000000f6800000)
  to   space 1344K, 0% used [0x00000000f6560000,0x00000000f6560000,0x00000000f66b0000)
 ParOldGen       total 21888K, used 139K [0x00000000e0000000, 0x00000000e1560000, 0x00000000f5560000)
  object space 21888K, 0% used [0x00000000e0000000,0x00000000e0022ff0,0x00000000e1560000)
 PSPermGen       total 21248K, used 9648K [0x00000000dae00000, 0x00000000dc2c0000, 0x00000000e0000000)
  object space 21248K, 45% used [0x00000000dae00000,0x00000000db76c120,0x00000000dc2c0000)
Event: 1.005 GC heap after
Heap after GC invocations=3 (full 0):
 PSYoungGen      total 17728K, used 1333K [0x00000000f5560000, 0x00000000f7800000, 0x0000000100000000)
  eden space 16384K, 0% used [0x00000000f5560000,0x00000000f5560000,0x00000000f6560000)
  from space 1344K, 99% used [0x00000000f6560000,0x00000000f66ad7e8,0x00000000f66b0000)
  to   space 1344K, 0% used [0x00000000f76b0000,0x00000000f76b0000,0x00000000f7800000)
 ParOldGen       total 21888K, used 1480K [0x00000000e0000000, 0x00000000e1560000, 0x00000000f5560000)
  object space 21888K, 6% used [0x00000000e0000000,0x00000000e0172360,0x00000000e1560000)
 PSPermGen       total 21248K, used 9648K [0x00000000dae00000, 0x00000000dc2c0000, 0x00000000e0000000)
  object space 21248K, 45% used [0x00000000dae00000,0x00000000db76c120,0x00000000dc2c0000)
}
Event: 2.205 GC heap before
{Heap before GC invocations=4 (full 0):
 PSYoungGen      total 17728K, used 17717K [0x00000000f5560000, 0x00000000f7800000, 0x0000000100000000)
  eden space 16384K, 100% used [0x00000000f5560000,0x00000000f6560000,0x00000000f6560000)
  from space 1344K, 99% used [0x00000000f6560000,0x00000000f66ad7e8,0x00000000f66b0000)
  to   space 1344K, 0% used [0x00000000f76b0000,0x00000000f76b0000,0x00000000f7800000)
 ParOldGen       total 21888K, used 1480K [0x00000000e0000000, 0x00000000e1560000, 0x00000000f5560000)
  object space 21888K, 6% used [0x00000000e0000000,0x00000000e0172360,0x00000000e1560000)
 PSPermGen       total 21248K, used 11025K [0x00000000dae00000, 0x00000000dc2c0000, 0x00000000e0000000)
  object space 21248K, 51% used [0x00000000dae00000,0x00000000db8c4520,0x00000000dc2c0000)
Event: 2.218 GC heap after
Heap after GC invocations=4 (full 0):
 PSYoungGen      total 34112K, used 1333K [0x00000000f5560000, 0x00000000f7800000, 0x0000000100000000)
  eden space 32768K, 0% used [0x00000000f5560000,0x00000000f5560000,0x00000000f7560000)
  from space 1344K, 99% used [0x00000000f76b0000,0x00000000f77fd7e8,0x00000000f7800000)
  to   space 1344K, 0% used [0x00000000f7560000,0x00000000f7560000,0x00000000f76b0000)
 ParOldGen       total 21888K, used 2572K [0x00000000e0000000, 0x00000000e1560000, 0x00000000f5560000)
  object space 21888K, 11% used [0x00000000e0000000,0x00000000e02831f8,0x00000000e1560000)
 PSPermGen       total 21248K, used 11025K [0x00000000dae00000, 0x00000000dc2c0000, 0x00000000e0000000)
  object space 21248K, 51% used [0x00000000dae00000,0x00000000db8c4520,0x00000000dc2c0000)
}
Event: 3.558 GC heap before
{Heap before GC invocations=5 (full 0):
 PSYoungGen      total 34112K, used 34101K [0x00000000f5560000, 0x00000000f7800000, 0x0000000100000000)
  eden space 32768K, 100% used [0x00000000f5560000,0x00000000f7560000,0x00000000f7560000)
  from space 1344K, 99% used [0x00000000f76b0000,0x00000000f77fd7e8,0x00000000f7800000)
  to   space 1344K, 0% used [0x00000000f7560000,0x00000000f7560000,0x00000000f76b0000)
 ParOldGen       total 21888K, used 2572K [0x00000000e0000000, 0x00000000e1560000, 0x00000000f5560000)
  object space 21888K, 11% used [0x00000000e0000000,0x00000000e02831f8,0x00000000e1560000)
 PSPermGen       total 21248K, used 17327K [0x00000000dae00000, 0x00000000dc2c0000, 0x00000000e0000000)
  object space 21248K, 81% used [0x00000000dae00000,0x00000000dbeebef8,0x00000000dc2c0000)
Event: 3.572 GC heap after
Heap after GC invocations=5 (full 0):
 PSYoungGen      total 34112K, used 1318K [0x00000000f5560000, 0x00000000fa0c0000, 0x0000000100000000)
  eden space 32768K, 0% used [0x00000000f5560000,0x00000000f5560000,0x00000000f7560000)
  from space 1344K, 98% used [0x00000000f7560000,0x00000000f76a9838,0x00000000f76b0000)
  to   space 5824K, 0% used [0x00000000f9b10000,0x00000000f9b10000,0x00000000fa0c0000)
 ParOldGen       total 21888K, used 7265K [0x00000000e0000000, 0x00000000e1560000, 0x00000000f5560000)
  object space 21888K, 33% used [0x00000000e0000000,0x00000000e0718648,0x00000000e1560000)
 PSPermGen       total 21248K, used 17327K [0x00000000dae00000, 0x00000000dc2c0000, 0x00000000e0000000)
  object space 21248K, 81% used [0x00000000dae00000,0x00000000dbeebef8,0x00000000dc2c0000)
}

